Length of encrypted data: 120374534
Decryption successful
Decrypted data (first 100 bytes): b'6\xfb\xdeCx\x9c\xec\x9d\r\x9cUS\xf7\xc7\x7f\xf7\xde\x99\xb93\xbd\xcd\xd4TSMcbz\xa1I\xc5x\x84"\x84\x10\x06a(J\rR\x83"Dy\xeb\x85\xe9\x05!\x14!5\x88B\x14\x85\xa1P\x89\x8a\x89\x10B\xc8\xdb\x14B\xde\xa3\x9e}f\xe6\xaesw\x9d3\xe7\xecs\xf7\xbe\xe7\x9c[\xcf\xff\xf3\x7f\xf4\x8c\xd3\x99\xfd]k'
Premiers octets du fichier chiffré: 26484d495c5dd3079b0b727a1bb90703
Premiers octets après déchiffrement: 36fbde43789cec9d0d9c5553f7c77ff7
Format d'en-tête: 789c
Marqueur début données: ec9d0d9c
Signature des données: 36fbde43789cec9d
Taille attendue après décompression: 1138686774
En-tête compression: 789c
Taille données compressées: 120374528
Decompressed data (first 100 bytes): b'\x06\x00\x00\x00\x00\x00\x00\x00\x00\x00\xf0\xbf\x87\xe9\x05\x00\x00\x00\x00\x00\x00\x00\x00\x00\x00\x00\x00\x00\x00\x00\x00\x00\x1a\x00\x00\x00\x00\x00\x00\x00\x00\x00\x00\x00\x03\x00\x00\x00\x00\x00\x00\x001\x00\x00\x00\x00\x00\x00\x00\x10\x00\x00\x00\x00\x00\x00\x00\x83\x00\x03\x00\x00\x00\x00\x00\xee\x00D\x00\x00\x00\x00\x00D\x00\x00\x00\x00\x00\x00\x00\xa4\x04\x00\x00\x00\x00\x00\x00'
=== Début de l'analyse ===
Taille totale des données : 1138686774 octets

--- Lecture de l'en-tête ---
Format détecté: V6_x64
Timestamp: -1.0
Révision: 387463
En-tête lu avec succès - Format: V6_x64, Révision: 387463

--- Lecture de la table de chaînes ---
Nombre de chaînes: 26
Warning: Offset invalide détecté à l'index 3: 0
Warning: Offset invalide détecté à l'index 5: 0
Warning: Offset invalide détecté à l'index 6: 16
Warning: Offset invalide détecté à l'index 7: 0
Warning: Offset invalide détecté à l'index 9: 0
Warning: Offset invalide détecté à l'index 11: 0
Warning: Offset invalide détecté à l'index 12: 68
Warning: Offset invalide détecté à l'index 13: 0
Warning: Offset invalide détecté à l'index 14: 1188
Warning: Offset invalide détecté à l'index 15: 0
Warning: Offset invalide détecté à l'index 16: 1238
Warning: Offset invalide détecté à l'index 17: 0
Warning: Offset invalide détecté à l'index 18: 1291
Warning: Offset invalide détecté à l'index 19: 0
Warning: Offset invalide détecté à l'index 20: 1313
Warning: Offset invalide détecté à l'index 21: 0
Warning: Offset invalide détecté à l'index 22: 1745
Warning: Offset invalide détecté à l'index 23: 0
Warning: Offset invalide détecté à l'index 24: 820
Warning: Offset invalide détecté à l'index 25: 0
Warning: Erreur de décodage UTF-8 pour la chaîne 1
Warning: Longueur de chaîne invalide à l'index 3: 196690
Warning: Longueur de chaîne invalide à l'index 4: 4259947
Warning: Longueur de chaîne invalide à l'index 5: 1134229948
Lecture de 6 chaînes terminée

--- Lecture des clés ---
Position actuelle: 189
Position actuelle: 189/1138686774
Octets disponibles: 1138686585
Prochains octets: 00030000000000440003000000000044
Checking magic at offset 189: 0x00000300
Final key count: 768
Key 0: 0x44000000
Key 1: 0x00000300
Key 2: 0x44000000
Key 3: 0x00093D00
Key 4: 0x1B000000
Successfully read 768 keys

Position avant les nœuds: 3265
Octets: 000000150001002ffe0000000000001d

--- Lecture des nœuds ---
Position avant lecture des segments: 3269
Nombre de segments à lire: 352321536
Attempting with 16-bit count: 0
Using alternative count: 5376
Final segment count to read: 5376
Successfully read 5376 valid segments

--- Lecture des attributs ---
Position avant lecture des segments: 67787
Nombre de segments à lire: 654311456
Attempting with 16-bit count: 32
Final segment count to read: 32
Successfully read 32 valid segments
Erreur critique lors du traitement du nœud: Le nœud n'a pas de name_index
Root Node Name: DataCenter
Root Node Value: None
Root Node Attributes: {}
Root Node Children: []